Command: vcs -full64 -f ../script/filelist.f -P /opt/Synopsys/verdi/T-2022.06-SP2/share/PLI/VCS/LINUX64/novas.tab \
/opt/Synopsys/verdi/T-2022.06-SP2/share/PLI/VCS/LINUX64/pli.a -o ./simv -l novas.log \

                         Chronologic VCS (TM)
       Version T-2022.06-SP2_Full64 -- Mon Mar 30 00:45:30 2026

                    Copyright (c) 1991 - 2022 Synopsys, Inc.
   This software and the associated documentation are proprietary to Synopsys,
 Inc. This software may only be used in accordance with the terms and conditions
 of a written license agreement with Synopsys, Inc. All other use, reproduction,
   or distribution of this software is strictly prohibited.  Licensed Products
     communicate with Synopsys servers for the purpose of providing software
    updates, detecting software piracy and verifying that customers are using
    Licensed Products in conformity with the applicable License Key for such
  Licensed Products. Synopsys will use information gathered in connection with
    this process to deliver software updates and pursue software pirates and
                                   infringers.

 Inclusivity & Diversity - Visit SolvNetPlus to read the "Synopsys Statement on
            Inclusivity and Diversity" (Refer to article 000036315 at
                        https://solvnetplus.synopsys.com)

Parsing design file '../bench/tb_sync_fifo.v'
Parsing design file '../rtl/sync_fifo.v'
Top Level Modules:
       tb_sync_fifo
TimeScale is 1 ns / 1 ps
Starting vcs inline pass...

1 module and 0 UDP read.
recompiling module tb_sync_fifo
make[1]: Entering directory `/home/user/Desktop/pk/3.sync_fifo/work/csrc'
rm -f _cuarc*.so _csrc*.so pre_vcsobj_*.so share_vcsobj_*.so
if [ -x .././simv ]; then chmod a-x .././simv; fi
g++  -o .././simv      -rdynamic  -Wl,-rpath='$ORIGIN'/simv.daidir -Wl,-rpath=./simv.daidir \
-Wl,-rpath=/opt/Synopsys/vcs/T-2022.06-SP2/linux64/lib -L/opt/Synopsys/vcs/T-2022.06-SP2/linux64/lib \
-Wl,-rpath-link=./   objs/amcQw_d.o   _40425_archive_1.so  SIM_l.o       rmapats_mop.o \
rmapats.o rmar.o rmar_nd.o  rmar_llvm_0_1.o rmar_llvm_0_0.o            -lnuma -lvirsim \
-lerrorinf -lsnpsmalloc -lvfs /opt/Synopsys/verdi/T-2022.06-SP2/share/PLI/VCS/LINUX64/pli.a \
-lvcsnew -lsimprofile -luclinative /opt/Synopsys/vcs/T-2022.06-SP2/linux64/lib/vcs_tls.o \
-Wl,-whole-archive  -lvcsucli    -Wl,-no-whole-archive        _vcs_pli_stub_.o   \
/opt/Synopsys/vcs/T-2022.06-SP2/linux64/lib/vcs_save_restore_new.o -ldl -lm  -lc \
-lpthread -ldl 
.././simv up to date
make[1]: Leaving directory `/home/user/Desktop/pk/3.sync_fifo/work/csrc'
CPU time: .505 seconds to compile + .520 seconds to elab + .481 seconds to link
