#######################################################################################
# log primitive debug message of FSDB dumping                                         #
# This is for R&D to analyze when there are issues happening when FSDB dump           #
#######################################################################################
ANF: vcsd_get_serial_mode_status('./simv: undefined symbol: vcsd_get_serial_mode_status')
ANF: vcsd_enable_sva_success_callback('./simv: undefined symbol: vcsd_enable_sva_success_callback')
ANF: vcsd_disable_sva_success_callback('./simv: undefined symbol: vcsd_disable_sva_success_callback')
ANF: vcsd_get_power_scope_name('./simv: undefined symbol: vcsd_get_power_scope_name')
ANF: vcsd_begin_no_value_var_info('./simv: undefined symbol: vcsd_begin_no_value_var_info')
ANF: vcsd_end_no_value_var_info('./simv: undefined symbol: vcsd_end_no_value_var_info')
ANF: vcsd_remove_xprop_merge_mode_callback('./simv: undefined symbol: vcsd_remove_xprop_merge_mode_callback')
ANF: vhpi_get_cb_info('./simv: undefined symbol: vhpi_get_cb_info')
ANF: vhpi_free_handle('./simv: undefined symbol: vhpi_free_handle')
ANF: vhpi_fetch_vcsd_handle('./simv: undefined symbol: vhpi_fetch_vcsd_handle')
ANF: vhpi_fetch_vpi_handle('./simv: undefined symbol: vhpi_fetch_vpi_handle')
ANF: vhpi_has_verilog_parent('./simv: undefined symbol: vhpi_has_verilog_parent')
ANF: vhpi_is_verilog_scope('./simv: undefined symbol: vhpi_is_verilog_scope')
ANF: scsd_xprop_is_enabled('./simv: undefined symbol: scsd_xprop_is_enabled')
ANF: scsd_xprop_sig_is_promoted('./simv: undefined symbol: scsd_xprop_sig_is_promoted')
ANF: scsd_xprop_int_xvalue('./simv: undefined symbol: scsd_xprop_int_xvalue')
ANF: scsd_xprop_bool_xvalue('./simv: undefined symbol: scsd_xprop_bool_xvalue')
ANF: scsd_xprop_enum_xvalue('./simv: undefined symbol: scsd_xprop_enum_xvalue')
ANF: scsd_xprop_register_merge_mode_cb('./simv: undefined symbol: scsd_xprop_register_merge_mode_cb')
ANF: scsd_xprop_delete_merge_mode_cb('./simv: undefined symbol: scsd_xprop_delete_merge_mode_cb')
ANF: scsd_xprop_get_merge_mode('./simv: undefined symbol: scsd_xprop_get_merge_mode')
ANF: scsd_thread_get_info('./simv: undefined symbol: scsd_thread_get_info')
ANF: scsd_thread_vc_init('./simv: undefined symbol: scsd_thread_vc_init')
ANF: scsd_master_set_delta_sync_cbk('./simv: undefined symbol: scsd_master_set_delta_sync_cbk')
ANF: scsd_fgp_get_fsdb_cores('./simv: undefined symbol: scsd_fgp_get_fsdb_cores')
ANF: scsd_fgp_get_is_cpu_affinity_disabled('./simv: undefined symbol: scsd_fgp_get_is_cpu_affinity_disabled')
ANF: vhdi_dt_get_type('./simv: undefined symbol: vhdi_dt_get_type')
ANF: vhdi_dt_get_key('./simv: undefined symbol: vhdi_dt_get_key')
ANF: vhdi_dt_get_vhdl_enum_info('./simv: undefined symbol: vhdi_dt_get_vhdl_enum_info')
ANF: vhdi_dt_get_vhdl_physical_info('./simv: undefined symbol: vhdi_dt_get_vhdl_physical_info')
ANF: vhdi_dt_get_vhdl_array_info('./simv: undefined symbol: vhdi_dt_get_vhdl_array_info')
ANF: vhdi_dt_get_vhdl_record_info('./simv: undefined symbol: vhdi_dt_get_vhdl_record_info')
ANF: vhdi_dt_get_vhdl_integer_range_info('./simv: undefined symbol: vhdi_dt_get_vhdl_integer_range_info')
ANF: vhdi_def_traverse_module('./simv: undefined symbol: vhdi_def_traverse_module')
ANF: vhdi_def_traverse_scope('./simv: undefined symbol: vhdi_def_traverse_scope')
ANF: vhdi_def_traverse_variable('./simv: undefined symbol: vhdi_def_traverse_variable')
ANF: vhdi_def_get_module_id_by_vhpi('./simv: undefined symbol: vhdi_def_get_module_id_by_vhpi')
ANF: vhdi_def_get_handle_by_module_id('./simv: undefined symbol: vhdi_def_get_handle_by_module_id')
ANF: vhdi_def_get_variable_info_by_vhpi('./simv: undefined symbol: vhdi_def_get_variable_info_by_vhpi')
ANF: vhdi_def_free('./simv: undefined symbol: vhdi_def_free')
ANF: vhdi_ist_traverse_scope('./simv: undefined symbol: vhdi_ist_traverse_scope')
ANF: vhdi_ist_traverse_variable('./simv: undefined symbol: vhdi_ist_traverse_variable')
ANF: vhdi_ist_convert_by_vhpi('./simv: undefined symbol: vhdi_ist_convert_by_vhpi')
ANF: vhdi_ist_clone('./simv: undefined symbol: vhdi_ist_clone')
ANF: vhdi_ist_free('./simv: undefined symbol: vhdi_ist_free')
ANF: vhdi_ist_hash_key('./simv: undefined symbol: vhdi_ist_hash_key')
ANF: vhdi_ist_compare('./simv: undefined symbol: vhdi_ist_compare')
ANF: vhdi_ist_get_value_addr('./simv: undefined symbol: vhdi_ist_get_value_addr')
ANF: vhdi_set_scsd_callback('./simv: undefined symbol: vhdi_set_scsd_callback')
ANF: vhdi_cbk_set_force_callback('./simv: undefined symbol: vhdi_cbk_set_force_callback')
ANF: vhdi_trigger_init_force('./simv: undefined symbol: vhdi_trigger_init_force')
ANF: vhdi_ist_check_scsd_callback('./simv: undefined symbol: vhdi_ist_check_scsd_callback')
ANF: vhdi_ist_add_scsd_callback('./simv: undefined symbol: vhdi_ist_add_scsd_callback')
ANF: vhdi_ist_remove_scsd_callback('./simv: undefined symbol: vhdi_ist_remove_scsd_callback')
ANF: vhdi_ist_get_scsd_user_data('./simv: undefined symbol: vhdi_ist_get_scsd_user_data')
ANF: vhdi_add_time_change_callback('./simv: undefined symbol: vhdi_add_time_change_callback')
ANF: vhdi_get_real_value_by_value_addr('./simv: undefined symbol: vhdi_get_real_value_by_value_addr')
ANF: vhdi_get_64_value_by_value_addr('./simv: undefined symbol: vhdi_get_64_value_by_value_addr')
ANF: vhdi_xprop_inst_is_promoted('./simv: undefined symbol: vhdi_xprop_inst_is_promoted')
ANF: vdi_ist_convert_by_vhdi('./simv: undefined symbol: vdi_ist_convert_by_vhdi')
ANF: vhdi_ist_get_module_id('./simv: undefined symbol: vhdi_ist_get_module_id')
ANF: vhdi_refine_foreign_scope_type('./simv: undefined symbol: vhdi_refine_foreign_scope_type')
ANF: vhdi_flush_callback('./simv: undefined symbol: vhdi_flush_callback')
ANF: vhdi_set_orig_name('./simv: undefined symbol: vhdi_set_orig_name')
ANF: vhdi_set_dump_pt('./simv: undefined symbol: vhdi_set_dump_pt')
ANF: vhdi_set_int_subtype('./simv: undefined symbol: vhdi_set_int_subtype')
ANF: vhdi_get_fsdb_option('./simv: undefined symbol: vhdi_get_fsdb_option')
ANF: vhdi_fgp_get_mode('./simv: undefined symbol: vhdi_fgp_get_mode')
ANF: vhdi_node_register_composite_var('./simv: undefined symbol: vhdi_node_register_composite_var')
ANF: vhdi_node_analysis('./simv: undefined symbol: vhdi_node_analysis')
ANF: vhdi_node_id('./simv: undefined symbol: vhdi_node_id')
ANF: vhdi_node_ist_check_scsd_callback('./simv: undefined symbol: vhdi_node_ist_check_scsd_callback')
ANF: vhdi_node_ist_add_scsd_callback('./simv: undefined symbol: vhdi_node_ist_add_scsd_callback')
ANF: vhdi_node_ist_get_value_addr('./simv: undefined symbol: vhdi_node_ist_get_value_addr')
ANF: vhdi_enc_def_traverse_module('./simv: undefined symbol: vhdi_enc_def_traverse_module')
ANF: vhdi_enc_def_traverse_scope('./simv: undefined symbol: vhdi_enc_def_traverse_scope')
ANF: vhdi_enc_def_traverse_variable('./simv: undefined symbol: vhdi_enc_def_traverse_variable')
ANF: vhdi_enc_ist_traverse_scope('./simv: undefined symbol: vhdi_enc_ist_traverse_scope')
ANF: vhdi_enc_ist_traverse_variable('./simv: undefined symbol: vhdi_enc_ist_traverse_variable')
ANF: vhdi_enc_ist_get_module_id('./simv: undefined symbol: vhdi_enc_ist_get_module_id')
ANF: vhdi_enc_def_get_handle_by_module_id('./simv: undefined symbol: vhdi_enc_def_get_handle_by_module_id')
VCS compile option:
 option[0]: ./simv
 option[1]: /opt/Synopsys/vcs/T-2022.06-SP2/linux64/bin/vcs1
 option[2]: -Mcc=gcc
 option[3]: -Mcplusplus=g++
 option[4]: -Masflags=
 option[5]: -Mcfl= -pipe -fPIC -O -I/opt/Synopsys/vcs/T-2022.06-SP2/include 
 option[6]: -Mxllcflags=
 option[7]: -Mxcflags= -pipe -fPIC -I/opt/Synopsys/vcs/T-2022.06-SP2/include
 option[8]: -Mldflags= -rdynamic 
 option[9]: -Mout=./simv
 option[10]: -Mamsrun=
 option[11]: -Mvcsaceobjs=
 option[12]: -Mobjects= /opt/Synopsys/vcs/T-2022.06-SP2/linux64/lib/libvirsim.so /opt/Synopsys/vcs/T-2022.06-SP2/linux64/lib/liberrorinf.so /opt/Synopsys/vcs/T-2022.06-SP2/linux64/lib/libsnpsmalloc.so /opt/Synopsys/vcs/T-2022.06-SP2/linux64/lib/libvfs.so /opt/Synopsys/verdi/T-2022.06-SP2/share/PLI/VCS/LINUX64/pli.a 
 option[13]: -Mexternalobj=
 option[14]: -Msaverestoreobj=/opt/Synopsys/vcs/T-2022.06-SP2/linux64/lib/vcs_save_restore_new.o
 option[15]: -Mcrt0=
 option[16]: -Mcrtn=
 option[17]: -Mcsrc=
 option[18]: -Msyslibs=-ldl -lm 
 option[19]: -l
 option[20]: novas.log
 option[21]: -full64
 option[22]: -P
 option[23]: /opt/Synopsys/verdi/T-2022.06-SP2/share/PLI/VCS/LINUX64/novas.tab
 option[24]: -o
 option[25]: ./simv
 option[26]: -picarchive
 option[27]: -gen_obj
 option[28]: -f
 option[29]: ../script/filelist.f
*Verdi* WARNING: No '-debug_access' in VCS compile options
Chronologic Simulation VCS Release T-2022.06-SP2_Full64
Linux 3.10.0-957.el7.x86_64 #1 SMP Thu Nov 8 23:39:32 UTC 2018 x86_64
CPU cores: 8
Limit information:
======================================
cputime		unlimited
filesize		unlimited
datasize		unlimited
stacksize		8192 kbytes
coredumpsize		0 kbytes
memoryuse		unlimited
vmemoryuse		unlimited
descriptors		4096
memorylocked		64 kbytes
maxproc		4096
======================================
(Special)Runtime environment variables:

Runtime environment variables:
XDG_VTNR=1
XDG_SESSION_ID=1
SSH_AGENT_PID=11557
DBUS_STARTER_ADDRESS=unix:abstract=/tmp/dbus-3FuA3p2iCs,guid=85ad0e5ba801bade04b9b64969c93045
HOSTNAME=CentosPublic
IMSETTINGS_INTEGRATE_DESKTOP=yes
NOVAS_HOME=/opt/Synopsys/verdi/T-2022.06-SP2
TERM=xterm-256color
XDG_MENU_PREFIX=gnome-
VTE_VERSION=5202
SHELL=/bin/bash
HISTSIZE=1000
MAKEFLAGS=
PERL5LIB=/home/user/perl5/lib/perl5:
GNOME_TERMINAL_SCREEN=/org/gnome/Terminal/screen/0b73bce0_ee59_4afa_8c6b_ba92a9af8665
OLDPWD=/home/user/Desktop/pk/3.sync_fifo
QTDIR=/usr/lib64/qt-3.3
QTINC=/usr/lib64/qt-3.3/include
PERL_MB_OPT=--install_base /home/user/perl5
NOVAS=/opt/Synopsys/verdi
IMSETTINGS_MODULE=none
QT_GRAPHICSSYSTEM_CHECKED=1
USER=user
LD_LIBRARY_PATH=/opt/Synopsys/verdi/T-2022.06-SP2/share/PLI/VCS/LINUX64
LS_COLORS=rs=0:di=38;5;27:ln=38;5;51:mh=44;38;5;15:pi=40;38;5;11:so=38;5;13:do=38;5;5:bd=48;5;232;38;5;11:cd=48;5;232;38;5;3:or=48;5;232;38;5;9:mi=05;48;5;232;38;5;15:su=48;5;196;38;5;15:sg=48;5;11;38;5;16:ca=48;5;196;38;5;226:tw=48;5;10;38;5;16:ow=48;5;10;38;5;21:st=48;5;21;38;5;15:ex=38;5;34:*.tar=38;5;9:*.tgz=38;5;9:*.arc=38;5;9:*.arj=38;5;9:*.taz=38;5;9:*.lha=38;5;9:*.lz4=38;5;9:*.lzh=38;5;9:*.lzma=38;5;9:*.tlz=38;5;9:*.txz=38;5;9:*.tzo=38;5;9:*.t7z=38;5;9:*.zip=38;5;9:*.z=38;5;9:*.Z=38;5;9:*.dz=38;5;9:*.gz=38;5;9:*.lrz=38;5;9:*.lz=38;5;9:*.lzo=38;5;9:*.xz=38;5;9:*.bz2=38;5;9:*.bz=38;5;9:*.tbz=38;5;9:*.tbz2=38;5;9:*.tz=38;5;9:*.deb=38;5;9:*.rpm=38;5;9:*.jar=38;5;9:*.war=38;5;9:*.ear=38;5;9:*.sar=38;5;9:*.rar=38;5;9:*.alz=38;5;9:*.ace=38;5;9:*.zoo=38;5;9:*.cpio=38;5;9:*.7z=38;5;9:*.rz=38;5;9:*.cab=38;5;9:*.jpg=38;5;13:*.jpeg=38;5;13:*.gif=38;5;13:*.bmp=38;5;13:*.pbm=38;5;13:*.pgm=38;5;13:*.ppm=38;5;13:*.tga=38;5;13:*.xbm=38;5;13:*.xpm=38;5;13:*.tif=38;5;13:*.tiff=38;5;13:*.png=38;5;13:*.svg=38;5;13:*.svgz=38;5;13:*.mng=38;5;13:*.pcx=38;5;13:*.mov=38;5;13:*.mpg=38;5;13:*.mpeg=38;5;13:*.m2v=38;5;13:*.mkv=38;5;13:*.webm=38;5;13:*.ogm=38;5;13:*.mp4=38;5;13:*.m4v=38;5;13:*.mp4v=38;5;13:*.vob=38;5;13:*.qt=38;5;13:*.nuv=38;5;13:*.wmv=38;5;13:*.asf=38;5;13:*.rm=38;5;13:*.rmvb=38;5;13:*.flc=38;5;13:*.avi=38;5;13:*.fli=38;5;13:*.flv=38;5;13:*.gl=38;5;13:*.dl=38;5;13:*.xcf=38;5;13:*.xwd=38;5;13:*.yuv=38;5;13:*.cgm=38;5;13:*.emf=38;5;13:*.axv=38;5;13:*.anx=38;5;13:*.ogv=38;5;13:*.ogx=38;5;13:*.aac=38;5;45:*.au=38;5;45:*.flac=38;5;45:*.mid=38;5;45:*.midi=38;5;45:*.mka=38;5;45:*.mp3=38;5;45:*.mpc=38;5;45:*.ogg=38;5;45:*.ra=38;5;45:*.wav=38;5;45:*.axa=38;5;45:*.oga=38;5;45:*.spx=38;5;45:*.xspf=38;5;45:
GNOME_TERMINAL_SERVICE=:1.109
SSH_AUTH_SOCK=/run/user/1000/keyring/ssh
MAKELEVEL=1
SESSION_MANAGER=local/unix:@/tmp/.ICE-unix/11355,unix/unix:/tmp/.ICE-unix/11355
USERNAME=user
SNPSLMD_LICENSE_FILE=24861@localhost.localdomain
MFLAGS=
GNOME_SHELL_SESSION_MODE=classic
MAIL=/var/spool/mail/user
PATH=/usr/lib64/qt-3.3/bin:/home/user/perl5/bin:/usr/local/bin:/usr/local/sbin:/usr/bin:/usr/sbin:/bin:/sbin:/opt/Synopsys/syn/U-2022.12-SP1/bin:/opt/Synopsys/verdi/T-2022.06-SP2/bin:/opt/Synopsys/vcs/T-2022.06-SP2/bin:/opt/Synopsys/fm/T-2022.03/bin:/opt/Synopsys/pt/T-2022.03/bin:/opt/Synopsys/scl/2023.03/linux64/bin:/home/user/.local/bin:/home/user/bin:/opt/Synopsys/syn/U-2022.12-SP1/bin:/opt/Synopsys/verdi/T-2022.06-SP2/bin:/opt/Synopsys/vcs/T-2022.06-SP2/bin:/opt/Synopsys/fm/T-2022.03/bin:/opt/Synopsys/pt/T-2022.03/bin:/opt/Synopsys/scl/2023.03/linux64/bin
DESKTOP_SESSION=gnome-classic
PT_HOME=/opt/Synopsys/pt/T-2022.03
QT_IM_MODULE=xim
VERDI_HOME=/opt/Synopsys/verdi/T-2022.06-SP2
PWD=/home/user/Desktop/pk/3.sync_fifo/work
XDG_SESSION_TYPE=x11
VCS_HOME=/opt/Synopsys/vcs/T-2022.06-SP2
XMODIFIERS=@im=none
FM_HOME=/opt/Synopsys/fm/T-2022.03
LANG=en_US.UTF-8
GDM_LANG=en_US.UTF-8
VCS_ARCH_OVERRIDE=linux
KDEDIRS=/usr
LM_LICENSE_FILE=24861@localhost.localdomain
GDMSESSION=gnome-classic
HISTCONTROL=ignoredups
DBUS_STARTER_BUS_TYPE=session
SHLVL=3
XDG_SEAT=seat0
HOME=/home/user
GNOME_DESKTOP_SESSION_ID=this-is-deprecated
PERL_LOCAL_LIB_ROOT=:/home/user/perl5
DC_HOME=/opt/Synopsys/syn/U-2022.12-SP1
LOGNAME=user
XDG_SESSION_DESKTOP=gnome-classic
QTLIB=/usr/lib64/qt-3.3/lib
DBUS_SESSION_BUS_ADDRESS=unix:abstract=/tmp/dbus-3FuA3p2iCs,guid=85ad0e5ba801bade04b9b64969c93045
XDG_DATA_DIRS=/home/user/.local/share/flatpak/exports/share/:/var/lib/flatpak/exports/share/:/usr/local/share/:/usr/share/
LESSOPEN=||/usr/bin/lesspipe.sh %s
SCL_HOME=/opt/Synopsys/scl/2023.03
WINDOWPATH=1
DISPLAY=:0
XDG_RUNTIME_DIR=/run/user/1000
QT_PLUGIN_PATH=/usr/lib64/kde4/plugins:/usr/lib/kde4/plugins
SPYGLASS_DC_PATH=/opt/Synopsys/syn/U-2022.12-SP1
XDG_CURRENT_DESKTOP=GNOME-Classic:GNOME
PERL_MM_OPT=INSTALL_BASE=/home/user/perl5
COLORTERM=truecolor
XAUTHORITY=/run/gdm/auth-for-user-DcLTgZ/database
_=./simv
VCS_PATHMAP_PRELOAD_DONE=1
VCS_STACK_EXEC=true
VCS_EXEC_DONE=1
LC_ALL=C
DVE=/opt/Synopsys/vcs/T-2022.06-SP2/gui/dve
SPECMAN_OUTPUT_TO_TTY=1
FLEXLM_BORROWFILE=/home/user/.CentosPublic-borrow.txt
Runtime command line arguments:
argv[0]=./simv
220 profile - 100
          CPU/Mem usage: 0.090 sys,  0.430 user,  400.22M mem
221 Elapsed time:    0:00:20    Mon Mar 30 00:46:30 2026
222 User CPU time used: 0 seconds
223 System CPU time used: 0 seconds
224 pliAppInit
225 [SC]Init: MemoryConsumed=0.00MB ElapsedTime=0hour 0min. 0sec.
226 FSDB_GATE & FSDB_RTL is disabled.
227 FSDB_ALIAS_ARRAY_ELEM is set to 4294967295.
228 Enable Parallel Dumping.
229 pliAppMiscSet: New Sim Round
230 pliEntryInit
231 LIBSSCORE=found /opt/Synopsys/verdi/T-2022.06-SP2/share/PLI/lib/LINUXAMD64/libsscore_vcs202206.so through $NOVAS_HOME setting.
232 FSDB Dumper for VCS, Release Verdi_T-2022.06-SP2, Linux x86_64/64bit, 11/22/2022
233 (C) 1996 - 2022 by Synopsys, Inc.
234 sps_call_fsdbDumpfile_main at 0 : ../bench/tb_sync_fifo.v(79)
235 argv[0]: (sync_fifo.fsdb)
236 *Verdi* : Create FSDB file 'sync_fifo.fsdb'
237 [spi_vcs_vd_ppi_create_root]: no upf option
238 compile option from '/home/user/Desktop/pk/3.sync_fifo/work/simv.daidir/vcs_rebuild'.
239   "vcs '-full64' '-f' '../script/filelist.f' '-P' '/opt/Synopsys/verdi/T-2022.06-SP2/share/PLI/VCS/LINUX64/novas.tab' '/opt/Synopsys/verdi/T-2022.06-SP2/share/PLI/VCS/LINUX64/pli.a' '-o' './simv' '-l' 'novas.log' 2>&1"
240 DVDI_is_vir_unload_enabled is enable
241 FSDB_VCS_ENABLE_NATIVE_VC is enable
242 sps_call_fsdbDumpvars_vd_main at 0 : ../bench/tb_sync_fifo.v(80)
243 argv[0]: (0)
244 argv[1]: (handle) tb_sync_fifo
245 *Verdi* : Begin traversing the scope (tb_sync_fifo), layer (0).
246 *Verdi* : End of traversing.
247 pliAppHDL_DumpVarComplete traverse var: profile - 
          CPU/Mem usage: 0.140 sys,  0.460 user,  500.53M mem
                   incr: 0.010 sys,  0.000 user,  4.28M mem
                   accu: 0.010 sys,  0.000 user,  4.28M mem
              accu incr: 0.010 sys,  0.000 user,  4.28M mem

          Count usage: 29 var,  15 idcode,  15 callback
                 incr: 29 var,  15 idcode,  15 callback
                 accu: 29 var,  15 idcode,  15 callback
            accu incr: 29 var,  15 idcode,  15 callback
248 Elapsed time:    0:00:20    Mon Mar 30 00:46:30 2026
249 User CPU time used: 0 seconds
250 System CPU time used: 0 seconds
251 pliAppHDL_DumpVarComplete: profile - 
          CPU/Mem usage: 0.140 sys,  0.460 user,  501.66M mem
                   incr: 0.000 sys,  0.000 user,  1.13M mem
                   accu: 0.010 sys,  0.000 user,  5.41M mem
              accu incr: 0.000 sys,  0.000 user,  1.13M mem

          Count usage: 29 var,  15 idcode,  15 callback
                 incr: 0 var,  0 idcode,  0 callback
                 accu: 29 var,  15 idcode,  15 callback
            accu incr: 0 var,  0 idcode,  0 callback
252 Elapsed time:    0:00:20    Mon Mar 30 00:46:30 2026
253 User CPU time used: 0 seconds
254 System CPU time used: 0 seconds
255 End of simulation at 3730000
256 Memory usage: 501.662 M
257 Maximum resident set size: 156 MB
258 Hard page faults: 0
259 Soft page faults: 25999
260 Elapsed time:    0:00:20    Mon Mar 30 00:46:30 2026
261 User CPU time used: 0 seconds
262 System CPU time used: 0 seconds
263 Begin FSDB profile info:
264 FSDB Writer : bc1(397) bcn(395) mtf/stf(0/0)
FSDB Writer elapsed time : flush(0.008629) io wait(0.000000) theadpool wait(0.000000)
FSDB Writer cpu time : MT Compression : 0
265 End FSDB profile info
266 FSDB closed. Name: sync_fifo.fsdb Size: 8993
267 Parallel profile     - ProducerThread:1 ConsumerThread:1 Buffer:64MB
268                      - BlockUsed:1 Acquire:1150 BufferUsed:15677
269                      - Flush:3 Expand:0 ProducerWait:0 ConsumerWait:0
270                      - MainProducerTime:0.560478089 TotalConsumerTime:0.000000000
271                      - ElapsedTime:0.118278000
272 Producer   0 profile - BlockUsed:1 Acquire:1150 BufferUsed:15677
273 Consumer   0 profile - Affinity:-1 CPUTime:0.000000000 LifeTime:0.000000000 (-nan%)
274                      - BlockUsed:1 Acquire:1150 BufferUsed:15677
275 SimExit
276 Elapsed time:    0:00:20    Mon Mar 30 00:46:30 2026
277 User CPU time used: 0 seconds
278 System CPU time used: 0 seconds
279 Sim process exit
